<?xml version="1.0" encoding="UTF-8"?>
<!-- Generated by org.testng.reporters.JUnitReportReporter -->
<testsuite skipped="0" hostname="Mohit-" name="Basket.VerifyLoginWithFactoryObject" tests="1" failures="0" timestamp="02 Oct 2017 19:45:43 GMT" time="17.332" errors="0">
  <testcase name="VerifyValidLogin" time="17.332" classname="Basket.VerifyLoginWithFactoryObject"/>
</testsuite> <!-- Basket.VerifyLoginWithFactoryObject -->
