<?xml version="1.0" encoding="UTF-8"?>
<!-- Generated by org.testng.reporters.JUnitReportReporter -->
<testsuite skipped="0" hostname="Mohit-" name="StanPlusSuperAdmin.OpenChrome" tests="2" failures="0" timestamp="29 Sep 2017 13:43:37 GMT" time="13.060" errors="0">
  <testcase name="SignUp_Leave_All_Blank" time="0.145" classname="StanPlusSuperAdmin.OpenChrome"/>
  <testcase name="ReachPage" time="12.915" classname="StanPlusSuperAdmin.OpenChrome"/>
</testsuite> <!-- StanPlusSuperAdmin.OpenChrome -->
