<?xml version="1.0" encoding="UTF-8"?>
<!-- Generated by org.testng.reporters.JUnitReportReporter -->
<testsuite skipped="0" hostname="Mohit-" name="StanPlusSuperAdmin.OpenFirefox" tests="1" failures="0" timestamp="27 Sep 2017 12:05:34 GMT" time="0.010" errors="0">
  <testcase name="Test" time="0.010" classname="StanPlusSuperAdmin.OpenFirefox"/>
</testsuite> <!-- StanPlusSuperAdmin.OpenFirefox -->
